[ 2015-09-10T15:16:14+08:00 ]  
INFO: [ app_init ] --START--
INFO: Run Behavior\BuildLiteBehavior [ RunTime:0.000174s ]
INFO: [ app_init ] --END-- [ RunTime:0.000997s ]
NOTIC: [8] Undefined index: REQUEST_METHOD C:\Users\xiuge\Desktop\phpºóÌ¨ÎÄ¼þ\thinkphp_3.2.3_full\ThinkPHP\Library\Think\App.class.php ç¬¬ 31 è¡Œ.
NOTIC: [8] Undefined index: REQUEST_URI C:\Users\xiuge\Desktop\phpºóÌ¨ÎÄ¼þ\thinkphp_3.2.3_full\ThinkPHP\Library\Think\Dispatcher.class.php ç¬¬ 137 è¡Œ.
NOTIC: [8] Use of undefined constant _PHP_FILE_ - assumed '_PHP_FILE_' C:\Users\xiuge\Desktop\phpºóÌ¨ÎÄ¼þ\thinkphp_3.2.3_full\ThinkPHP\Library\Think\Dispatcher.class.php ç¬¬ 189 è¡Œ.
INFO: [ app_begin ] --START--
INFO: Run Behavior\ReadHtmlCacheBehavior [ RunTime:0.001362s ]
INFO: [ app_begin ] --END-- [ RunTime:0.002249s ]
INFO: [ view_parse ] --START--
INFO: [ template_filter ] --START--
NOTIC: [8] Use of undefined constant __ROOT__ - assumed '__ROOT__' C:\Users\xiuge\Desktop\phpºóÌ¨ÎÄ¼þ\thinkphp_3.2.3_full\ThinkPHP\Library\Behavior\ContentReplaceBehavior.class.php ç¬¬ 31 è¡Œ.
NOTIC: [8] Use of undefined constant __ROOT__ - assumed '__ROOT__' C:\Users\xiuge\Desktop\phpºóÌ¨ÎÄ¼þ\thinkphp_3.2.3_full\ThinkPHP\Library\Behavior\ContentReplaceBehavior.class.php ç¬¬ 38 è¡Œ.
INFO: Run Behavior\ContentReplaceBehavior [ RunTime:0.001115s ]
INFO: [ template_filter ] --END-- [ RunTime:0.002057s ]
INFO: Run Behavior\ParseTemplateBehavior [ RunTime:0.024238s ]
INFO: [ view_parse ] --END-- [ RunTime:0.025676s ]
INFO: [ view_filter ] --START--
INFO: Run Behavior\WriteHtmlCacheBehavior [ RunTime:0.001199s ]
INFO: [ view_filter ] --END-- [ RunTime:0.002176s ]
INFO: [ app_end ] --START--
INFO: Run Behavior\ShowPageTraceBehavior [ RunTime:0.000999s ]
INFO: [ app_end ] --END-- [ RunTime:0.001854s ]

[ 2015-09-10T15:16:26+08:00 ]  
INFO: [ app_init ] --START--
INFO: Run Behavior\BuildLiteBehavior [ RunTime:0.000190s ]
INFO: [ app_init ] --END-- [ RunTime:0.001466s ]
NOTIC: [8] Undefined index: REQUEST_METHOD C:\Users\xiuge\Desktop\phpºóÌ¨ÎÄ¼þ\thinkphp_3.2.3_full\ThinkPHP\Library\Think\App.class.php ç¬¬ 31 è¡Œ.
NOTIC: [8] Undefined index: REQUEST_URI C:\Users\xiuge\Desktop\phpºóÌ¨ÎÄ¼þ\thinkphp_3.2.3_full\ThinkPHP\Library\Think\Dispatcher.class.php ç¬¬ 137 è¡Œ.
NOTIC: [8] Use of undefined constant _PHP_FILE_ - assumed '_PHP_FILE_' C:\Users\xiuge\Desktop\phpºóÌ¨ÎÄ¼þ\thinkphp_3.2.3_full\ThinkPHP\Library\Think\Dispatcher.class.php ç¬¬ 189 è¡Œ.
INFO: [ app_begin ] --START--
INFO: Run Behavior\ReadHtmlCacheBehavior [ RunTime:0.000916s ]
INFO: [ app_begin ] --END-- [ RunTime:0.001701s ]
INFO: [ view_parse ] --START--
INFO: Run Behavior\ParseTemplateBehavior [ RunTime:0.003457s ]
INFO: [ view_parse ] --END-- [ RunTime:0.004585s ]
INFO: [ view_filter ] --START--
INFO: Run Behavior\WriteHtmlCacheBehavior [ RunTime:0.000952s ]
INFO: [ view_filter ] --END-- [ RunTime:0.001939s ]
INFO: [ app_end ] --START--
INFO: Run Behavior\ShowPageTraceBehavior [ RunTime:0.000954s ]
INFO: [ app_end ] --END-- [ RunTime:0.001766s ]

[ 2015-09-10T16:21:41+08:00 ]  
INFO: [ app_init ] --START--
INFO: Run Behavior\BuildLiteBehavior [ RunTime:0.000323s ]
INFO: [ app_init ] --END-- [ RunTime:0.002289s ]
NOTIC: [8] Undefined index: REQUEST_METHOD C:\Users\xiuge\Desktop\phpºóÌ¨ÎÄ¼þ\thinkphp_3.2.3_full\ThinkPHP\Library\Think\App.class.php ç¬¬ 31 è¡Œ.
NOTIC: [8] Undefined index: REQUEST_URI C:\Users\xiuge\Desktop\phpºóÌ¨ÎÄ¼þ\thinkphp_3.2.3_full\ThinkPHP\Library\Think\Dispatcher.class.php ç¬¬ 137 è¡Œ.
NOTIC: [8] Use of undefined constant _PHP_FILE_ - assumed '_PHP_FILE_' C:\Users\xiuge\Desktop\phpºóÌ¨ÎÄ¼þ\thinkphp_3.2.3_full\ThinkPHP\Library\Think\Dispatcher.class.php ç¬¬ 189 è¡Œ.
INFO: [ app_begin ] --START--
INFO: Run Behavior\ReadHtmlCacheBehavior [ RunTime:0.001329s ]
INFO: [ app_begin ] --END-- [ RunTime:0.002658s ]
INFO: [ view_parse ] --START--
INFO: Run Behavior\ParseTemplateBehavior [ RunTime:0.002282s ]
INFO: [ view_parse ] --END-- [ RunTime:0.003494s ]
INFO: [ view_filter ] --START--
INFO: Run Behavior\WriteHtmlCacheBehavior [ RunTime:0.000932s ]
INFO: [ view_filter ] --END-- [ RunTime:0.001950s ]
INFO: [ app_end ] --START--
INFO: Run Behavior\ShowPageTraceBehavior [ RunTime:0.000977s ]
INFO: [ app_end ] --END-- [ RunTime:0.001983s ]

[ 2015-09-10T17:39:23+08:00 ]  
INFO: [ app_init ] --START--
INFO: Run Behavior\BuildLiteBehavior [ RunTime:0.000173s ]
INFO: [ app_init ] --END-- [ RunTime:0.002017s ]
NOTIC: [8] Undefined index: REQUEST_METHOD C:\Users\xiuge\Desktop\phpºóÌ¨ÎÄ¼þ\thinkphp_3.2.3_full\ThinkPHP\Library\Think\App.class.php ç¬¬ 31 è¡Œ.
NOTIC: [8] Undefined index: REQUEST_URI C:\Users\xiuge\Desktop\phpºóÌ¨ÎÄ¼þ\thinkphp_3.2.3_full\ThinkPHP\Library\Think\Dispatcher.class.php ç¬¬ 137 è¡Œ.
NOTIC: [8] Use of undefined constant _PHP_FILE_ - assumed '_PHP_FILE_' C:\Users\xiuge\Desktop\phpºóÌ¨ÎÄ¼þ\thinkphp_3.2.3_full\ThinkPHP\Library\Think\Dispatcher.class.php ç¬¬ 189 è¡Œ.
INFO: [ app_begin ] --START--
INFO: Run Behavior\ReadHtmlCacheBehavior [ RunTime:0.001014s ]
INFO: [ app_begin ] --END-- [ RunTime:0.001881s ]
INFO: [ view_parse ] --START--
INFO: Run Behavior\ParseTemplateBehavior [ RunTime:0.001619s ]
INFO: [ view_parse ] --END-- [ RunTime:0.002527s ]
INFO: [ view_filter ] --START--
INFO: Run Behavior\WriteHtmlCacheBehavior [ RunTime:0.000781s ]
INFO: [ view_filter ] --END-- [ RunTime:0.001588s ]
INFO: [ app_end ] --START--
INFO: Run Behavior\ShowPageTraceBehavior [ RunTime:0.001247s ]
INFO: [ app_end ] --END-- [ RunTime:0.002073s ]

[ 2015-09-10T17:42:16+08:00 ]  
INFO: [ app_init ] --START--
INFO: Run Behavior\BuildLiteBehavior [ RunTime:0.000316s ]
INFO: [ app_init ] --END-- [ RunTime:0.002231s ]
NOTIC: [8] Undefined index: REQUEST_METHOD C:\Users\xiuge\Desktop\phpºóÌ¨ÎÄ¼þ\thinkphp_3.2.3_full\ThinkPHP\Library\Think\App.class.php ç¬¬ 31 è¡Œ.
NOTIC: [8] Undefined index: REQUEST_URI C:\Users\xiuge\Desktop\phpºóÌ¨ÎÄ¼þ\thinkphp_3.2.3_full\ThinkPHP\Library\Think\Dispatcher.class.php ç¬¬ 137 è¡Œ.
NOTIC: [8] Use of undefined constant _PHP_FILE_ - assumed '_PHP_FILE_' C:\Users\xiuge\Desktop\phpºóÌ¨ÎÄ¼þ\thinkphp_3.2.3_full\ThinkPHP\Library\Think\Dispatcher.class.php ç¬¬ 189 è¡Œ.
INFO: [ app_begin ] --START--
INFO: Run Behavior\ReadHtmlCacheBehavior [ RunTime:0.001357s ]
INFO: [ app_begin ] --END-- [ RunTime:0.002660s ]
INFO: [ view_parse ] --START--
INFO: Run Behavior\ParseTemplateBehavior [ RunTime:0.002257s ]
INFO: [ view_parse ] --END-- [ RunTime:0.003443s ]
INFO: [ view_filter ] --START--
INFO: Run Behavior\WriteHtmlCacheBehavior [ RunTime:0.000922s ]
INFO: [ view_filter ] --END-- [ RunTime:0.001897s ]
INFO: [ app_end ] --START--
INFO: Run Behavior\ShowPageTraceBehavior [ RunTime:0.001005s ]
INFO: [ app_end ] --END-- [ RunTime:0.001969s ]

[ 2015-09-10T17:42:29+08:00 ]  
INFO: [ app_init ] --START--
INFO: Run Behavior\BuildLiteBehavior [ RunTime:0.000180s ]
INFO: [ app_init ] --END-- [ RunTime:0.001552s ]
NOTIC: [8] Undefined index: REQUEST_METHOD C:\Users\xiuge\Desktop\phpºóÌ¨ÎÄ¼þ\thinkphp_3.2.3_full\ThinkPHP\Library\Think\App.class.php ç¬¬ 31 è¡Œ.
NOTIC: [8] Undefined index: REQUEST_URI C:\Users\xiuge\Desktop\phpºóÌ¨ÎÄ¼þ\thinkphp_3.2.3_full\ThinkPHP\Library\Think\Dispatcher.class.php ç¬¬ 137 è¡Œ.
NOTIC: [8] Use of undefined constant _PHP_FILE_ - assumed '_PHP_FILE_' C:\Users\xiuge\Desktop\phpºóÌ¨ÎÄ¼þ\thinkphp_3.2.3_full\ThinkPHP\Library\Think\Dispatcher.class.php ç¬¬ 189 è¡Œ.
INFO: [ app_begin ] --START--
INFO: Run Behavior\ReadHtmlCacheBehavior [ RunTime:0.001046s ]
INFO: [ app_begin ] --END-- [ RunTime:0.001913s ]
INFO: [ view_parse ] --START--
INFO: Run Behavior\ParseTemplateBehavior [ RunTime:0.002283s ]
INFO: [ view_parse ] --END-- [ RunTime:0.003224s ]
INFO: [ view_filter ] --START--
INFO: Run Behavior\WriteHtmlCacheBehavior [ RunTime:0.000826s ]
INFO: [ view_filter ] --END-- [ RunTime:0.001613s ]
INFO: [ app_end ] --START--
INFO: Run Behavior\ShowPageTraceBehavior [ RunTime:0.000879s ]
INFO: [ app_end ] --END-- [ RunTime:0.001676s ]

[ 2015-09-10T18:35:31+08:00 ]  
INFO: [ app_init ] --START--
INFO: Run Behavior\BuildLiteBehavior [ RunTime:0.000197s ]
INFO: [ app_init ] --END-- [ RunTime:0.001483s ]
NOTIC: [8] Undefined index: REQUEST_METHOD C:\Users\xiuge\Desktop\phpºóÌ¨ÎÄ¼þ\thinkphp_3.2.3_full\ThinkPHP\Library\Think\App.class.php ç¬¬ 31 è¡Œ.
NOTIC: [8] Undefined index: REQUEST_URI C:\Users\xiuge\Desktop\phpºóÌ¨ÎÄ¼þ\thinkphp_3.2.3_full\ThinkPHP\Library\Think\Dispatcher.class.php ç¬¬ 137 è¡Œ.
NOTIC: [8] Use of undefined constant _PHP_FILE_ - assumed '_PHP_FILE_' C:\Users\xiuge\Desktop\phpºóÌ¨ÎÄ¼þ\thinkphp_3.2.3_full\ThinkPHP\Library\Think\Dispatcher.class.php ç¬¬ 189 è¡Œ.
INFO: [ app_begin ] --START--
INFO: Run Behavior\ReadHtmlCacheBehavior [ RunTime:0.000959s ]
INFO: [ app_begin ] --END-- [ RunTime:0.001836s ]
INFO: [ view_parse ] --START--
INFO: Run Behavior\ParseTemplateBehavior [ RunTime:0.001424s ]
INFO: [ view_parse ] --END-- [ RunTime:0.002283s ]
INFO: [ view_filter ] --START--
INFO: Run Behavior\WriteHtmlCacheBehavior [ RunTime:0.000829s ]
INFO: [ view_filter ] --END-- [ RunTime:0.001654s ]
INFO: [ app_end ] --START--
INFO: Run Behavior\ShowPageTraceBehavior [ RunTime:0.000809s ]
INFO: [ app_end ] --END-- [ RunTime:0.001598s ]

[ 2015-09-10T18:53:46+08:00 ]  
INFO: [ app_init ] --START--
INFO: Run Behavior\BuildLiteBehavior [ RunTime:0.000180s ]
INFO: [ app_init ] --END-- [ RunTime:0.001469s ]
NOTIC: [8] Undefined index: REQUEST_METHOD C:\Users\xiuge\Desktop\phpºóÌ¨ÎÄ¼þ\thinkphp_3.2.3_full\ThinkPHP\Library\Think\App.class.php ç¬¬ 31 è¡Œ.
NOTIC: [8] Undefined index: REQUEST_URI C:\Users\xiuge\Desktop\phpºóÌ¨ÎÄ¼þ\thinkphp_3.2.3_full\ThinkPHP\Library\Think\Dispatcher.class.php ç¬¬ 137 è¡Œ.
NOTIC: [8] Use of undefined constant _PHP_FILE_ - assumed '_PHP_FILE_' C:\Users\xiuge\Desktop\phpºóÌ¨ÎÄ¼þ\thinkphp_3.2.3_full\ThinkPHP\Library\Think\Dispatcher.class.php ç¬¬ 189 è¡Œ.
INFO: [ app_begin ] --START--
INFO: Run Behavior\ReadHtmlCacheBehavior [ RunTime:0.000881s ]
INFO: [ app_begin ] --END-- [ RunTime:0.001687s ]
INFO: [ view_parse ] --START--
INFO: Run Behavior\ParseTemplateBehavior [ RunTime:0.001422s ]
INFO: [ view_parse ] --END-- [ RunTime:0.002242s ]
INFO: [ view_filter ] --START--
INFO: Run Behavior\WriteHtmlCacheBehavior [ RunTime:0.000721s ]
INFO: [ view_filter ] --END-- [ RunTime:0.001539s ]
INFO: [ app_end ] --START--
INFO: Run Behavior\ShowPageTraceBehavior [ RunTime:0.000849s ]
INFO: [ app_end ] --END-- [ RunTime:0.001653s ]

[ 2015-09-10T18:54:17+08:00 ]  
INFO: [ app_init ] --START--
INFO: Run Behavior\BuildLiteBehavior [ RunTime:0.000328s ]
INFO: [ app_init ] --END-- [ RunTime:0.002248s ]
NOTIC: [8] Undefined index: REQUEST_METHOD C:\Users\xiuge\Desktop\phpºóÌ¨ÎÄ¼þ\thinkphp_3.2.3_full\ThinkPHP\Library\Think\App.class.php ç¬¬ 31 è¡Œ.
NOTIC: [8] Undefined index: REQUEST_URI C:\Users\xiuge\Desktop\phpºóÌ¨ÎÄ¼þ\thinkphp_3.2.3_full\ThinkPHP\Library\Think\Dispatcher.class.php ç¬¬ 137 è¡Œ.
NOTIC: [8] Use of undefined constant _PHP_FILE_ - assumed '_PHP_FILE_' C:\Users\xiuge\Desktop\phpºóÌ¨ÎÄ¼þ\thinkphp_3.2.3_full\ThinkPHP\Library\Think\Dispatcher.class.php ç¬¬ 189 è¡Œ.
INFO: [ app_begin ] --START--
INFO: Run Behavior\ReadHtmlCacheBehavior [ RunTime:0.001361s ]
INFO: [ app_begin ] --END-- [ RunTime:0.002733s ]
INFO: [ view_parse ] --START--
INFO: Run Behavior\ParseTemplateBehavior [ RunTime:0.002567s ]
INFO: [ view_parse ] --END-- [ RunTime:0.003968s ]
INFO: [ view_filter ] --START--
INFO: Run Behavior\WriteHtmlCacheBehavior [ RunTime:0.001269s ]
INFO: [ view_filter ] --END-- [ RunTime:0.002637s ]
INFO: [ app_end ] --START--
INFO: Run Behavior\ShowPageTraceBehavior [ RunTime:0.001030s ]
INFO: [ app_end ] --END-- [ RunTime:0.002065s ]

[ 2015-09-10T18:54:39+08:00 ]  
INFO: [ app_init ] --START--
INFO: Run Behavior\BuildLiteBehavior [ RunTime:0.000178s ]
INFO: [ app_init ] --END-- [ RunTime:0.001464s ]
NOTIC: [8] Undefined index: REQUEST_METHOD C:\Users\xiuge\Desktop\phpºóÌ¨ÎÄ¼þ\thinkphp_3.2.3_full\ThinkPHP\Library\Think\App.class.php ç¬¬ 31 è¡Œ.
NOTIC: [8] Undefined index: REQUEST_URI C:\Users\xiuge\Desktop\phpºóÌ¨ÎÄ¼þ\thinkphp_3.2.3_full\ThinkPHP\Library\Think\Dispatcher.class.php ç¬¬ 137 è¡Œ.
NOTIC: [8] Use of undefined constant _PHP_FILE_ - assumed '_PHP_FILE_' C:\Users\xiuge\Desktop\phpºóÌ¨ÎÄ¼þ\thinkphp_3.2.3_full\ThinkPHP\Library\Think\Dispatcher.class.php ç¬¬ 189 è¡Œ.
INFO: [ app_begin ] --START--
INFO: Run Behavior\ReadHtmlCacheBehavior [ RunTime:0.001082s ]
INFO: [ app_begin ] --END-- [ RunTime:0.001975s ]
INFO: [ view_parse ] --START--
INFO: Run Behavior\ParseTemplateBehavior [ RunTime:0.001630s ]
INFO: [ view_parse ] --END-- [ RunTime:0.002533s ]
INFO: [ view_filter ] --START--
INFO: Run Behavior\WriteHtmlCacheBehavior [ RunTime:0.000866s ]
INFO: [ view_filter ] --END-- [ RunTime:0.001787s ]
INFO: [ app_end ] --START--
INFO: Run Behavior\ShowPageTraceBehavior [ RunTime:0.001239s ]
INFO: [ app_end ] --END-- [ RunTime:0.002189s ]

